Der Buildvorgang wurde am 29.08.2013 16:38:08 gestartet.
     1>Projekt "D:\DLR\Programmierung\BinaryArincToAscii\BinaryArincToAscii\BinaryArincToAscii.vcxproj" auf Knoten "2", build Ziel(e).
     1>InitializeBuildStatus:
         "Debug\BinaryArincToAscii.unsuccessfulbuild" wird erstellt, da "AlwaysCreate" angegeben wurde.
       ClCompile:
         C:\Program Files (x86)\Microsoft Visual Studio 10.0\VC\bin\CL.exe /c /ZI /nologo /W3 /WX- /Od /Oy- /D WIN32 /D _DEBUG /D _CONSOLE /D _UNICODE /D UNICODE /Gm /EHsc /RTC1 /MDd /GS /fp:precise /Zc:wchar_t /Zc:forScope /Fo"Debug\\" /Fd"Debug\vc100.pdb" /Gd /TP /analyze- /errorReport:prompt BinaryArincToAscii.cpp
         BinaryArincToAscii.cpp
       ManifestResourceCompile:
         Alle Ausgaben sind aktuell.
       Link:
         C:\Program Files (x86)\Microsoft Visual Studio 10.0\VC\bin\link.exe /ERRORREPORT:PROMPT /OUT:"D:\DLR\Programmierung\BinaryArincToAscii\Debug\BinaryArincToAscii.exe" /INCREMENTAL /NOLOGO kernel32.lib user32.lib gdi32.lib winspool.lib comdlg32.lib advapi32.lib shell32.lib ole32.lib oleaut32.lib uuid.lib odbc32.lib odbccp32.lib /MANIFEST /ManifestFile:"Debug\BinaryArincToAscii.exe.intermediate.manifest" /MANIFESTUAC:"level='asInvoker' uiAccess='false'" /DEBUG /PDB:"D:\DLR\Programmierung\BinaryArincToAscii\Debug\BinaryArincToAscii.pdb" /SUBSYSTEM:CONSOLE /TLBID:1 /DYNAMICBASE /NXCOMPAT /IMPLIB:"D:\DLR\Programmierung\BinaryArincToAscii\Debug\BinaryArincToAscii.lib" /MACHINE:X86 Debug\BinaryArincToAscii.exe.embed.manifest.res
         Debug\BinaryArincToAscii.obj
         Debug\stdafx.obj
       Manifest:
         C:\Program Files (x86)\Microsoft SDKs\Windows\v7.0A\bin\mt.exe /nologo /verbose /out:"Debug\BinaryArincToAscii.exe.embed.manifest" /manifest Debug\BinaryArincToAscii.exe.intermediate.manifest
         Alle Ausgaben sind aktuell.
       LinkEmbedManifest:
         Alle Ausgaben sind aktuell.
         BinaryArincToAscii.vcxproj -> D:\DLR\Programmierung\BinaryArincToAscii\Debug\BinaryArincToAscii.exe
       FinalizeBuildStatus:
         Die Datei "Debug\BinaryArincToAscii.unsuccessfulbuild" wird gelöscht.
         Aktualisieren des Timestamps von "Debug\BinaryArincToAscii.lastbuildstate".
     1>Die Erstellung des Projekts "D:\DLR\Programmierung\BinaryArincToAscii\BinaryArincToAscii\BinaryArincToAscii.vcxproj" ist abgeschlossen, build Ziel(e).

Das Erstellen war erfolgreich.

Verstrichene Zeit 00:00:02.52
